This is pdfTeX, Version 3.14159265-2.6-1.40.18 (TeX Live 2017) (preloaded format=pdflatex 2017.12.19)  28 MAY 2018 08:45
entering extended mode
 restricted \write18 enabled.
 file:line:error style messages enabled.
 %&-line parsing enabled.
**thesis.tex
(./thesis.tex
LaTeX2e <2017-04-15>
Babel <3.10> and hyphenation patterns for 84 language(s) loaded.
(/usr/local/texlive/2017/texmf-dist/tex/latex/koma-script/scrbook.cls
Document Class: scrbook 2017/04/13 v3.23 KOMA-Script document class (book)
(/usr/local/texlive/2017/texmf-dist/tex/latex/koma-script/scrkbase.sty
Package: scrkbase 2017/04/13 v3.23 KOMA-Script package (KOMA-Script-dependent b
asics and keyval usage)

(/usr/local/texlive/2017/texmf-dist/tex/latex/koma-script/scrbase.sty
Package: scrbase 2017/04/13 v3.23 KOMA-Script package (KOMA-Script-independent 
basics and keyval usage)

(/usr/local/texlive/2017/texmf-dist/tex/latex/graphics/keyval.sty
Package: keyval 2014/10/28 v1.15 key=value parser (DPC)
\KV@toks@=\toks14
)
(/usr/local/texlive/2017/texmf-dist/tex/latex/koma-script/scrlfile.sty
Package: scrlfile 2017/04/13 v3.23 KOMA-Script package (loading files)

Package scrlfile, 2017/04/13 v3.23 KOMA-Script package (loading files)
                  Copyright (C) Markus Kohm

))) (/usr/local/texlive/2017/texmf-dist/tex/latex/koma-script/tocbasic.sty
Package: tocbasic 2017/04/13 v3.23 KOMA-Script package (handling toc-files)
\scr@dte@tocline@numberwidth=\skip41
\scr@dte@tocline@numbox=\box26
)
Package tocbasic Info: omitting babel extension for `toc'
(tocbasic)             because of feature `nobabel' available
(tocbasic)             for `toc' on input line 133.
Package tocbasic Info: omitting babel extension for `lof'
(tocbasic)             because of feature `nobabel' available
(tocbasic)             for `lof' on input line 135.
Package tocbasic Info: omitting babel extension for `lot'
(tocbasic)             because of feature `nobabel' available
(tocbasic)             for `lot' on input line 136.
Package tocbasic Info: defining new hook before heading of `' on input line 160
8.
Package scrbook Info: You've used standard option `12pt'.
(scrbook)             This is correct!
(scrbook)             Internally I'm using `fontsize=12pt'.
(scrbook)             If you'd like to set the option with \KOMAoptions,
(scrbook)             you'd have to use `fontsize=12pt' there
(scrbook)             instead of `12pt', too.
Class scrbook Info: File `scrsize12pt.clo' used to setup font sizes on input li
ne 2275.

(/usr/local/texlive/2017/texmf-dist/tex/latex/koma-script/scrsize12pt.clo
File: scrsize12pt.clo 2017/04/13 v3.23 KOMA-Script font size class option (12pt
)
)
(/usr/local/texlive/2017/texmf-dist/tex/latex/koma-script/typearea.sty
Package: typearea 2017/04/13 v3.23 KOMA-Script package (type area)
\ta@bcor=\skip42
\ta@div=\count79
Package typearea Info: You've used standard option `a4paper'.
(typearea)             This is correct!
(typearea)             Internally I'm using `paper=a4'.
(typearea)             If you'd like to set the option with \KOMAoptions,
(typearea)             you'd have to use `paper=a4' there
(typearea)             instead of `a4paper', too.
\ta@hblk=\skip43
\ta@vblk=\skip44
\ta@temp=\skip45
\footheight=\skip46
Package typearea Info: These are the values describing the layout:
(typearea)             DIV  = 12
(typearea)             BCOR = 0.0pt
(typearea)             \paperwidth      = 597.50793pt
(typearea)              \textwidth      = 448.13095pt
(typearea)              DIV departure   = -6%
(typearea)              \evensidemargin = 27.31467pt
(typearea)              \oddsidemargin  = -22.47766pt
(typearea)             \paperheight     = 845.04694pt
(typearea)              \textheight     = 635.5pt
(typearea)              \topmargin      = -41.72441pt
(typearea)              \headheight     = 18.125pt
(typearea)              \headsep        = 21.75pt
(typearea)              \topskip        = 12.0pt
(typearea)              \footskip       = 50.75pt
(typearea)              \baselineskip   = 14.5pt
(typearea)              on input line 1647.
)
\c@part=\count80
\c@chapter=\count81
\c@section=\count82
\c@subsection=\count83
\c@subsubsection=\count84
\c@paragraph=\count85
\c@subparagraph=\count86
\scr@dte@part@maxnumwidth=\skip47
\scr@dte@chapter@maxnumwidth=\skip48
\scr@dte@section@maxnumwidth=\skip49
\scr@dte@subsection@maxnumwidth=\skip50
\scr@dte@subsubsection@maxnumwidth=\skip51
\scr@dte@paragraph@maxnumwidth=\skip52
\scr@dte@subparagraph@maxnumwidth=\skip53
LaTeX Info: Redefining \textsubscript on input line 4843.
\abovecaptionskip=\skip54
\belowcaptionskip=\skip55
\c@pti@nb@sid@b@x=\box27
\c@figure=\count87
\c@table=\count88
Class scrbook Info: Redefining `\numberline' on input line 6000.
\bibindent=\dimen102
)
(/usr/local/texlive/2017/texmf-dist/tex/latex/amsmath/amsmath.sty
Package: amsmath 2016/11/05 v2.16a AMS math features
\@mathmargin=\skip56

For additional information on amsmath, use the `?' option.
(/usr/local/texlive/2017/texmf-dist/tex/latex/amsmath/amstext.sty
Package: amstext 2000/06/29 v2.01 AMS text

(/usr/local/texlive/2017/texmf-dist/tex/latex/amsmath/amsgen.sty
File: amsgen.sty 1999/11/30 v2.0 generic functions
\@emptytoks=\toks15
\ex@=\dimen103
))
(/usr/local/texlive/2017/texmf-dist/tex/latex/amsmath/amsbsy.sty
Package: amsbsy 1999/11/29 v1.2d Bold Symbols
\pmbraise@=\dimen104
)
(/usr/local/texlive/2017/texmf-dist/tex/latex/amsmath/amsopn.sty
Package: amsopn 2016/03/08 v2.02 operator names
)
\inf@bad=\count89
LaTeX Info: Redefining \frac on input line 213.
\uproot@=\count90
\leftroot@=\count91
LaTeX Info: Redefining \overline on input line 375.
\classnum@=\count92
\DOTSCASE@=\count93
LaTeX Info: Redefining \ldots on input line 472.
LaTeX Info: Redefining \dots on input line 475.
LaTeX Info: Redefining \cdots on input line 596.
\Mathstrutbox@=\box28
\strutbox@=\box29
\big@size=\dimen105
LaTeX Font Info:    Redeclaring font encoding OML on input line 712.
LaTeX Font Info:    Redeclaring font encoding OMS on input line 713.
\macc@depth=\count94
\c@MaxMatrixCols=\count95
\dotsspace@=\muskip10
\c@parentequation=\count96
\dspbrk@lvl=\count97
\tag@help=\toks16
\row@=\count98
\column@=\count99
\maxfields@=\count100
\andhelp@=\toks17
\eqnshift@=\dimen106
\alignsep@=\dimen107
\tagshift@=\dimen108
\tagwidth@=\dimen109
\totwidth@=\dimen110
\lineht@=\dimen111
\@envbody=\toks18
\multlinegap=\skip57
\multlinetaggap=\skip58
\mathdisplay@stack=\toks19
LaTeX Info: Redefining \[ on input line 2817.
LaTeX Info: Redefining \] on input line 2818.
)
(/usr/local/texlive/2017/texmf-dist/tex/latex/amsfonts/amssymb.sty
Package: amssymb 2013/01/14 v3.01 AMS font symbols

(/usr/local/texlive/2017/texmf-dist/tex/latex/amsfonts/amsfonts.sty
Package: amsfonts 2013/01/14 v3.01 Basic AMSFonts support
\symAMSa=\mathgroup4
\symAMSb=\mathgroup5
LaTeX Font Info:    Overwriting math alphabet `\mathfrak' in version `bold'
(Font)                  U/euf/m/n --> U/euf/b/n on input line 106.
))
(/usr/local/texlive/2017/texmf-dist/tex/latex/amscls/amsthm.sty
Package: amsthm 2015/03/04 v2.20.2
\thm@style=\toks20
\thm@bodyfont=\toks21
\thm@headfont=\toks22
\thm@notefont=\toks23
\thm@headpunct=\toks24
\thm@preskip=\skip59
\thm@postskip=\skip60
\thm@headsep=\skip61
\dth@everypar=\toks25
)
(/usr/local/texlive/2017/texmf-dist/tex/latex/changepage/changepage.sty
Package: changepage 2009/10/20 v1.0c check page and change page layout
\c@cp@cntr=\count101
\cp@tempcnt=\count102
)
(/usr/local/texlive/2017/texmf-dist/tex/latex/tools/longtable.sty
Package: longtable 2014/10/28 v4.11 Multi-page Table package (DPC)
\LTleft=\skip62
\LTright=\skip63
\LTpre=\skip64
\LTpost=\skip65
\LTchunksize=\count103
\LTcapwidth=\dimen112
\LT@head=\box30
\LT@firsthead=\box31
\LT@foot=\box32
\LT@lastfoot=\box33
\LT@cols=\count104
\LT@rows=\count105
\c@LT@tables=\count106
\c@LT@chunks=\count107
\LT@p@ftn=\toks26
)
Class scrbook Info: longtable captions redefined on input line 7.

(/usr/local/texlive/2017/texmf-dist/tex/latex/caption/caption.sty
Package: caption 2016/02/21 v3.3-144 Customizing captions (AR)

(/usr/local/texlive/2017/texmf-dist/tex/latex/caption/caption3.sty
Package: caption3 2016/05/22 v1.7-166 caption3 kernel (AR)
Package caption3 Info: TeX engine: e-TeX on input line 67.
\captionmargin=\dimen113
\captionmargin@=\dimen114
\captionwidth=\dimen115
\caption@tempdima=\dimen116
\caption@indent=\dimen117
\caption@parindent=\dimen118
\caption@hangindent=\dimen119
)
Package caption Info: KOMA-Script document class.
\c@ContinuedFloat=\count108
Package caption Info: longtable package is loaded.

(/usr/local/texlive/2017/texmf-dist/tex/latex/caption/ltcaption.sty
Package: ltcaption 2013/06/09 v1.4-94 longtable captions (AR)
))
(/usr/local/texlive/2017/texmf-dist/tex/latex/booktabs/booktabs.sty
Package: booktabs 2016/04/27 v1.618033 publication quality tables
\heavyrulewidth=\dimen120
\lightrulewidth=\dimen121
\cmidrulewidth=\dimen122
\belowrulesep=\dimen123
\belowbottomsep=\dimen124
\aboverulesep=\dimen125
\abovetopsep=\dimen126
\cmidrulesep=\dimen127
\cmidrulekern=\dimen128
\defaultaddspace=\dimen129
\@cmidla=\count109
\@cmidlb=\count110
\@aboverulesep=\dimen130
\@belowrulesep=\dimen131
\@thisruleclass=\count111
\@lastruleclass=\count112
\@thisrulewidth=\dimen132
)
(/usr/local/texlive/2017/texmf-dist/tex/latex/graphics/graphicx.sty
Package: graphicx 2014/10/28 v1.0g Enhanced LaTeX Graphics (DPC,SPQR)

(/usr/local/texlive/2017/texmf-dist/tex/latex/graphics/graphics.sty
Package: graphics 2017/04/14 v1.1b Standard LaTeX Graphics (DPC,SPQR)

(/usr/local/texlive/2017/texmf-dist/tex/latex/graphics/trig.sty
Package: trig 2016/01/03 v1.10 sin cos tan (DPC)
)
(/usr/local/texlive/2017/texmf-dist/tex/latex/graphics-cfg/graphics.cfg
File: graphics.cfg 2016/06/04 v1.11 sample graphics configuration
)
Package graphics Info: Driver file: pdftex.def on input line 99.

(/usr/local/texlive/2017/texmf-dist/tex/latex/graphics-def/pdftex.def
File: pdftex.def 2017/01/12 v0.06k Graphics/color for pdfTeX

(/usr/local/texlive/2017/texmf-dist/tex/generic/oberdiek/infwarerr.sty
Package: infwarerr 2016/05/16 v1.4 Providing info/warning/error messages (HO)
)
(/usr/local/texlive/2017/texmf-dist/tex/generic/oberdiek/ltxcmds.sty
Package: ltxcmds 2016/05/16 v1.23 LaTeX kernel commands for general use (HO)
)
\Gread@gobject=\count113
))
\Gin@req@height=\dimen133
\Gin@req@width=\dimen134
)
(/usr/local/texlive/2017/texmf-dist/tex/latex/pdfpages/pdfpages.sty
Package: pdfpages 2017/01/14 v0.5h Insert pages of external PDF documents (AM)

(/usr/local/texlive/2017/texmf-dist/tex/latex/base/ifthen.sty
Package: ifthen 2014/09/29 v1.1c Standard LaTeX ifthen package (DPC)
)
(/usr/local/texlive/2017/texmf-dist/tex/latex/tools/calc.sty
Package: calc 2014/10/28 v4.3 Infix arithmetic (KKT,FJ)
\calc@Acount=\count114
\calc@Bcount=\count115
\calc@Adimen=\dimen135
\calc@Bdimen=\dimen136
\calc@Askip=\skip66
\calc@Bskip=\skip67
LaTeX Info: Redefining \setlength on input line 80.
LaTeX Info: Redefining \addtolength on input line 81.
\calc@Ccount=\count116
\calc@Cskip=\skip68
)
(/usr/local/texlive/2017/texmf-dist/tex/latex/eso-pic/eso-pic.sty
Package: eso-pic 2015/07/21 v2.0g eso-pic (RN)

(/usr/local/texlive/2017/texmf-dist/tex/generic/oberdiek/atbegshi.sty
Package: atbegshi 2016/06/09 v1.18 At begin shipout hook (HO)

(/usr/local/texlive/2017/texmf-dist/tex/generic/oberdiek/ifpdf.sty
Package: ifpdf 2017/03/15 v3.2 Provides the ifpdf switch
))
(/usr/local/texlive/2017/texmf-dist/tex/latex/xcolor/xcolor.sty
Package: xcolor 2016/05/11 v2.12 LaTeX color extensions (UK)

(/usr/local/texlive/2017/texmf-dist/tex/latex/graphics-cfg/color.cfg
File: color.cfg 2016/01/02 v1.6 sample color configuration
)
Package xcolor Info: Driver file: pdftex.def on input line 225.
Package xcolor Info: Model `cmy' substituted by `cmy0' on input line 1348.
Package xcolor Info: Model `hsb' substituted by `rgb' on input line 1352.
Package xcolor Info: Model `RGB' extended on input line 1364.
Package xcolor Info: Model `HTML' substituted by `rgb' on input line 1366.
Package xcolor Info: Model `Hsb' substituted by `hsb' on input line 1367.
Package xcolor Info: Model `tHsb' substituted by `hsb' on input line 1368.
Package xcolor Info: Model `HSB' substituted by `hsb' on input line 1369.
Package xcolor Info: Model `Gray' substituted by `gray' on input line 1370.
Package xcolor Info: Model `wave' substituted by `hsb' on input line 1371.
))
\AM@pagewidth=\dimen137
\AM@pageheight=\dimen138

(/usr/local/texlive/2017/texmf-dist/tex/latex/pdfpages/pppdftex.def
File: pppdftex.def 2017/01/14 v0.5h Pdfpages driver for pdfTeX (AM)
)
\AM@pagebox=\box34
\AM@global@opts=\toks27
\AM@toc@title=\toks28
\c@AM@survey=\count117
\AM@templatesizebox=\box35
)
(/usr/local/texlive/2017/texmf-dist/tex/latex/graphics/rotating.sty
Package: rotating 2016/08/11 v2.16d rotated objects in LaTeX
\c@r@tfl@t=\count118
\rotFPtop=\skip69
\rotFPbot=\skip70
\rot@float@box=\box36
\rot@mess@toks=\toks29
)
(/usr/local/texlive/2017/texmf-dist/tex/latex/koma-script/scrpage2.sty
Package: scrpage2 2017/04/13 v3.23 KOMA-Script package (page head and foot)
LaTeX Info: Redefining \pagemark on input line 174.
)
(/usr/local/texlive/2017/texmf-dist/tex/latex/caption/subcaption.sty
Package: subcaption 2016/05/22 v1.1-161 Sub-captions (AR)
\c@subfigure=\count119
\c@subtable=\count120
)
(/usr/local/texlive/2017/texmf-dist/tex/latex/psnfss/times.sty
Package: times 2005/04/12 PSNFSS-v9.2a (SPQR) 
)
(/usr/local/texlive/2017/texmf-dist/tex/latex/psnfss/helvet.sty
Package: helvet 2005/04/12 PSNFSS-v9.2a (WaS) 
)
(/usr/local/texlive/2017/texmf-dist/tex/latex/base/fontenc.sty
Package: fontenc 2017/04/05 v2.0i Standard LaTeX package

(/usr/local/texlive/2017/texmf-dist/tex/latex/base/t1enc.def
File: t1enc.def 2017/04/05 v2.0i Standard LaTeX file
LaTeX Font Info:    Redeclaring font encoding T1 on input line 48.
))
(/usr/local/texlive/2017/texmf-dist/tex/latex/hyperref/hyperref.sty
Package: hyperref 2017/03/14 v6.85a Hypertext links for LaTeX

(/usr/local/texlive/2017/texmf-dist/tex/generic/oberdiek/hobsub-hyperref.sty
Package: hobsub-hyperref 2016/05/16 v1.14 Bundle oberdiek, subset hyperref (HO)


(/usr/local/texlive/2017/texmf-dist/tex/generic/oberdiek/hobsub-generic.sty
Package: hobsub-generic 2016/05/16 v1.14 Bundle oberdiek, subset generic (HO)
Package: hobsub 2016/05/16 v1.14 Construct package bundles (HO)
Package hobsub Info: Skipping package `infwarerr' (already loaded).
Package hobsub Info: Skipping package `ltxcmds' (already loaded).
Package: ifluatex 2016/05/16 v1.4 Provides the ifluatex switch (HO)
Package ifluatex Info: LuaTeX not detected.
Package: ifvtex 2016/05/16 v1.6 Detect VTeX and its facilities (HO)
Package ifvtex Info: VTeX not detected.
Package: intcalc 2016/05/16 v1.2 Expandable calculations with integers (HO)
Package hobsub Info: Skipping package `ifpdf' (already loaded).
Package: etexcmds 2016/05/16 v1.6 Avoid name clashes with e-TeX commands (HO)
Package etexcmds Info: Could not find \expanded.
(etexcmds)             That can mean that you are not using pdfTeX 1.50 or
(etexcmds)             that some package has redefined \expanded.
(etexcmds)             In the latter case, load this package earlier.
Package: kvsetkeys 2016/05/16 v1.17 Key value parser (HO)
Package: kvdefinekeys 2016/05/16 v1.4 Define keys (HO)
Package: pdftexcmds 2017/03/19 v0.25 Utility functions of pdfTeX for LuaTeX (HO
)
Package pdftexcmds Info: LuaTeX not detected.
Package pdftexcmds Info: \pdf@primitive is available.
Package pdftexcmds Info: \pdf@ifprimitive is available.
Package pdftexcmds Info: \pdfdraftmode found.
Package: pdfescape 2016/05/16 v1.14 Implements pdfTeX's escape features (HO)
Package: bigintcalc 2016/05/16 v1.4 Expandable calculations on big integers (HO
)
Package: bitset 2016/05/16 v1.2 Handle bit-vector datatype (HO)
Package: uniquecounter 2016/05/16 v1.3 Provide unlimited unique counter (HO)
)
Package hobsub Info: Skipping package `hobsub' (already loaded).
Package: letltxmacro 2016/05/16 v1.5 Let assignment for LaTeX macros (HO)
Package: hopatch 2016/05/16 v1.3 Wrapper for package hooks (HO)
Package: xcolor-patch 2016/05/16 xcolor patch
Package: atveryend 2016/05/16 v1.9 Hooks at the very end of document (HO)
Package atveryend Info: \enddocument detected (standard20110627).
Package hobsub Info: Skipping package `atbegshi' (already loaded).
Package: refcount 2016/05/16 v3.5 Data extraction from label references (HO)
Package: hycolor 2016/05/16 v1.8 Color options for hyperref/bookmark (HO)
)
(/usr/local/texlive/2017/texmf-dist/tex/generic/ifxetex/ifxetex.sty
Package: ifxetex 2010/09/12 v0.6 Provides ifxetex conditional
)
(/usr/local/texlive/2017/texmf-dist/tex/latex/oberdiek/auxhook.sty
Package: auxhook 2016/05/16 v1.4 Hooks for auxiliary files (HO)
)
(/usr/local/texlive/2017/texmf-dist/tex/latex/oberdiek/kvoptions.sty
Package: kvoptions 2016/05/16 v3.12 Key value format for package options (HO)
)
\@linkdim=\dimen139
\Hy@linkcounter=\count121
\Hy@pagecounter=\count122

(/usr/local/texlive/2017/texmf-dist/tex/latex/hyperref/pd1enc.def
File: pd1enc.def 2017/03/14 v6.85a Hyperref: PDFDocEncoding definition (HO)
)
\Hy@SavedSpaceFactor=\count123

(/usr/local/texlive/2017/texmf-dist/tex/latex/latexconfig/hyperref.cfg
File: hyperref.cfg 2002/06/06 v1.2 hyperref configuration of TeXLive
)
Package hyperref Info: Option `bookmarks' set `true' on input line 4374.
Package hyperref Info: Option `bookmarksopen' set `true' on input line 4374.
Package hyperref Info: Option `bookmarksnumbered' set `true' on input line 4374
.
Package hyperref Info: Option `colorlinks' set `true' on input line 4374.
Package hyperref Info: Option `breaklinks' set `true' on input line 4374.
Package hyperref Info: Option `pageanchor' set `true' on input line 4374.
Package hyperref Info: Option `plainpages' set `false' on input line 4374.
Package hyperref Info: Option `pdfpagelabels' set `true' on input line 4374.
Package hyperref Info: Hyper figures OFF on input line 4498.
Package hyperref Info: Link nesting OFF on input line 4503.
Package hyperref Info: Hyper index ON on input line 4506.
Package hyperref Info: Plain pages OFF on input line 4513.
Package hyperref Info: Backreferencing OFF on input line 4518.
Package hyperref Info: Implicit mode ON; LaTeX internals redefined.
Package hyperref Info: Bookmarks ON on input line 4751.
\c@Hy@tempcnt=\count124

(/usr/local/texlive/2017/texmf-dist/tex/latex/url/url.sty
\Urlmuskip=\muskip11
Package: url 2013/09/16  ver 3.4  Verb mode for urls, etc.
)
LaTeX Info: Redefining \url on input line 5104.
\XeTeXLinkMargin=\dimen140
\Fld@menulength=\count125
\Field@Width=\dimen141
\Fld@charsize=\dimen142
Package hyperref Info: Hyper figures OFF on input line 6358.
Package hyperref Info: Link nesting OFF on input line 6363.
Package hyperref Info: Hyper index ON on input line 6366.
Package hyperref Info: backreferencing OFF on input line 6373.
Package hyperref Info: Link coloring ON on input line 6376.
Package hyperref Info: Link coloring with OCG OFF on input line 6383.
Package hyperref Info: PDF/A mode OFF on input line 6388.
LaTeX Info: Redefining \ref on input line 6428.
LaTeX Info: Redefining \pageref on input line 6432.
\Hy@abspage=\count126
\c@Item=\count127
\c@Hfootnote=\count128
)

Package hyperref Message: Driver: hpdftex.

(/usr/local/texlive/2017/texmf-dist/tex/latex/hyperref/hpdftex.def
File: hpdftex.def 2017/03/14 v6.85a Hyperref driver for pdfTeX
\Fld@listcount=\count129
\c@bookmark@seq@number=\count130

(/usr/local/texlive/2017/texmf-dist/tex/latex/oberdiek/rerunfilecheck.sty
Package: rerunfilecheck 2016/05/16 v1.8 Rerun checks for auxiliary files (HO)
Package uniquecounter Info: New unique counter `rerunfilecheck' on input line 2
82.
)
\Hy@SectionHShift=\skip71
)
(./preamble.tex
\c@localFigure=\count131
\c@localTable=\count132
) (./thesis.aux (./abstract.aux) (./ch01-introduction.aux)
(./ch02-related-work.aux) (./ch03-methods.aux) (./ch04-results-conclusion.aux)
(./apx-sample-appendix.aux))
\openout1 = `thesis.aux'.

LaTeX Font Info:    Checking defaults for OML/cmm/m/it on input line 86.
LaTeX Font Info:    ... okay on input line 86.
LaTeX Font Info:    Checking defaults for T1/cmr/m/n on input line 86.
LaTeX Font Info:    ... okay on input line 86.
LaTeX Font Info:    Checking defaults for OT1/cmr/m/n on input line 86.
LaTeX Font Info:    ... okay on input line 86.
LaTeX Font Info:    Checking defaults for OMS/cmsy/m/n on input line 86.
LaTeX Font Info:    ... okay on input line 86.
LaTeX Font Info:    Checking defaults for OMX/cmex/m/n on input line 86.
LaTeX Font Info:    ... okay on input line 86.
LaTeX Font Info:    Checking defaults for U/cmr/m/n on input line 86.
LaTeX Font Info:    ... okay on input line 86.
LaTeX Font Info:    Checking defaults for PD1/pdf/m/n on input line 86.
LaTeX Font Info:    ... okay on input line 86.
LaTeX Font Info:    Try loading font information for T1+ptm on input line 86.

(/usr/local/texlive/2017/texmf-dist/tex/latex/psnfss/t1ptm.fd
File: t1ptm.fd 2001/06/04 font definitions for T1/ptm.
)
Package caption Info: Begin \AtBeginDocument code.
Package caption Info: hyperref package is loaded.
Package caption Info: rotating package is loaded.
Package caption Info: End \AtBeginDocument code.

(/usr/local/texlive/2017/texmf-dist/tex/context/base/mkii/supp-pdf.mkii
[Loading MPS to PDF converter (version 2006.09.02).]
\scratchcounter=\count133
\scratchdimen=\dimen143
\scratchbox=\box37
\nofMPsegments=\count134
\nofMParguments=\count135
\everyMPshowfont=\toks30
\MPscratchCnt=\count136
\MPscratchDim=\dimen144
\MPnumerator=\count137
\makeMPintoPDFobject=\count138
\everyMPtoPDFconversion=\toks31
) (/usr/local/texlive/2017/texmf-dist/tex/latex/oberdiek/epstopdf-base.sty
Package: epstopdf-base 2016/05/15 v2.6 Base part for package epstopdf

(/usr/local/texlive/2017/texmf-dist/tex/latex/oberdiek/grfext.sty
Package: grfext 2016/05/16 v1.2 Manage graphics extensions (HO)
)
Package epstopdf-base Info: Redefining graphics rule for `.eps' on input line 4
38.
Package grfext Info: Graphics extension search list:
(grfext)             [.pdf,.png,.eps]
(grfext)             \AppendGraphicsExtensions on input line 456.

(/usr/local/texlive/2017/texmf-dist/tex/latex/latexconfig/epstopdf-sys.cfg
File: epstopdf-sys.cfg 2010/07/13 v1.3 Configuration of (r)epstopdf for TeX Liv
e
))
\AtBeginShipoutBox=\box38

(/usr/local/texlive/2017/texmf-dist/tex/latex/oberdiek/pdflscape.sty
Package: pdflscape 2016/05/14 v0.11 Display of landscape pages in PDF (HO)

(/usr/local/texlive/2017/texmf-dist/tex/latex/graphics/lscape.sty
Package: lscape 2000/10/22 v3.01 Landscape Pages (DPC)
)
Package pdflscape Info: Auto-detected driver: pdftex on input line 81.
)
Package hyperref Info: Link coloring ON on input line 86.

(/usr/local/texlive/2017/texmf-dist/tex/latex/hyperref/nameref.sty
Package: nameref 2016/05/21 v2.44 Cross-referencing by name of section

(/usr/local/texlive/2017/texmf-dist/tex/generic/oberdiek/gettitlestring.sty
Package: gettitlestring 2016/05/16 v1.5 Cleanup title references (HO)
)
\c@section@level=\count139
)
LaTeX Info: Redefining \ref on input line 86.
LaTeX Info: Redefining \pageref on input line 86.
LaTeX Info: Redefining \nameref on input line 86.

(./thesis.out) (./thesis.out)
\@outlinefile=\write3
\openout3 = `thesis.out'.

 (./studchapter.tex)
Package hyperref Info: Option `pageanchor' set `false' on input line 107.
LaTeX Font Info:    Font shape `T1/ptm/bx/n' in size <24.88> not available
(Font)              Font shape `T1/ptm/b/n' tried instead on input line 125.
LaTeX Font Info:    Try loading font information for T1+phv on input line 125.

(/usr/local/texlive/2017/texmf-dist/tex/latex/psnfss/t1phv.fd
File: t1phv.fd 2001/06/04 scalable font definitions for T1/phv.
)
LaTeX Font Info:    Font shape `T1/phv/bx/n' in size <24.88> not available
(Font)              Font shape `T1/phv/b/n' tried instead on input line 125.

<figures/front01c.png, id=168, 322.20375pt x 321.2pt>
File: figures/front01c.png Graphic file (type png)

<use figures/front01c.png>
Package pdftex.def Info: figures/front01c.png used on input line 131.
(pdftex.def)             Requested size: 182.11769pt x 181.55675pt.
LaTeX Font Info:    Try loading font information for U+msa on input line 132.

(/usr/local/texlive/2017/texmf-dist/tex/latex/amsfonts/umsa.fd
File: umsa.fd 2013/01/14 v3.01 AMS symbols A
)
LaTeX Font Info:    Try loading font information for U+msb on input line 132.

(/usr/local/texlive/2017/texmf-dist/tex/latex/amsfonts/umsb.fd
File: umsb.fd 2013/01/14 v3.01 AMS symbols B
)
<figures/front01.png, id=170, 763.85374pt x 785.93625pt>
File: figures/front01.png Graphic file (type png)

<use figures/front01.png>
Package pdftex.def Info: figures/front01.png used on input line 135.
(pdftex.def)             Requested size: 145.6947pt x 149.90508pt.

<figures/ETH_logo.pdf, id=171, 8816.1872pt x 2366.8425pt>
File: figures/ETH_logo.pdf Graphic file (type pdf)

<use figures/ETH_logo.pdf>
Package pdftex.def Info: figures/ETH_logo.pdf used on input line 151.
(pdftex.def)             Requested size: 136.59175pt x 36.65678pt.

<figures/CGL_logo.pdf, id=173, 426.7935pt x 142.26149pt>
File: figures/CGL_logo.pdf Graphic file (type pdf)

<use figures/CGL_logo.pdf>
Package pdftex.def Info: figures/CGL_logo.pdf used on input line 152.
(pdftex.def)             Requested size: 136.59175pt x 45.52893pt.
 [1



{/usr/local/texlive/2017/texmf-var/fonts/map/pdftex/updmap/pdftex.map} <./figur
es/ETH_logo.pdf> <./figures/CGL_logo.pdf> <./figures/front01c.png> <./figures/f
ront01.png>] [2


]
Package hyperref Info: Option `pageanchor' set `true' on input line 158.
\openout2 = `abstract.aux'.

 (./abstract.tex
LaTeX Font Info:    Font shape `T1/phv/bx/n' in size <12> not available
(Font)              Font shape `T1/phv/b/n' tried instead on input line 1.
 [1



] [2


])
Overfull \hbox (17.23036pt too wide) in paragraph at lines 7--162
\T1/ptm/m/n/12 In dieser Ar-beit wird eine Re-la-tion zwis-chen Pa-ram-e-tern, 
die den weib-lichen Oberkör-per definieren,
 []


Overfull \hbox (13.0786pt too wide) in paragraph at lines 7--162
\T1/ptm/m/n/12 schiedene Rep-re-sen-ta-tio-nen der Daten, die für den Prozess d
er Haup-tkom-po-nen-te-n-anal-yse benötigt
 []

[3


] [4



] (./thesis.toc [5




])
\tf@toc=\write4
\openout4 = `thesis.toc'.

 [6] (./thesis.lof)
\tf@lof=\write5
\openout5 = `thesis.lof'.

 [7




] [8


] (./thesis.lot)
\tf@lot=\write6
\openout6 = `thesis.lot'.

 [9


]
[10


]
\openout2 = `ch01-introduction.aux'.

 (./ch01-introduction.tex
chapter 1.
LaTeX Font Info:    Font shape `T1/phv/bx/n' in size <17.28> not available
(Font)              Font shape `T1/phv/b/n' tried instead on input line 12.

Underfull \vbox (badness 10000) has occurred while \output is active []

LaTeX Font Info:    Font shape `T1/phv/bx/n' in size <100> not available
(Font)              Font shape `T1/phv/b/n' tried instead on input line 18.

Overfull \hbox (2.28004pt too wide) has occurred while \output is active
[]|[] []
 []


Overfull \vbox (459.06232pt too high) has occurred while \output is active []


[1



]) [2]
\openout2 = `ch02-related-work.aux'.

 (./ch02-related-work.tex
chapter 2.
)
Overfull \hbox (2.28004pt too wide) has occurred while \output is active
[]|[] []
 []


Overfull \vbox (459.06232pt too high) has occurred while \output is active []


[3




]
\openout2 = `ch03-methods.aux'.

 (./ch03-methods.tex [4




]
chapter 3.

Underfull \hbox (badness 10000) in paragraph at lines 5--6

 []

<figures/websiteExample.png, id=362, 752.8125pt x 496.85625pt>
File: figures/websiteExample.png Graphic file (type png)

<use figures/websiteExample.png>
Package pdftex.def Info: figures/websiteExample.png used on input line 9.
(pdftex.def)             Requested size: 341.4759pt x 225.38004pt.
LaTeX Font Info:    Font shape `T1/ptm/bx/sl' in size <10.95> not available
(Font)              Font shape `T1/ptm/b/sl' tried instead on input line 10.


LaTeX Warning: `h' float specifier changed to `ht'.


Underfull \hbox (badness 10000) in paragraph at lines 14--15

 []


Overfull \hbox (2.28004pt too wide) has occurred while \output is active
[]|[] []
 []


Overfull \vbox (459.06232pt too high) has occurred while \output is active []


[5]
LaTeX Font Info:    Font shape `T1/ptm/bx/n' in size <12> not available
(Font)              Font shape `T1/ptm/b/n' tried instead on input line 24.
 [6 <./figures/websiteExample.png>]
LaTeX Font Info:    Font shape `T1/phv/bx/n' in size <14.4> not available
(Font)              Font shape `T1/phv/b/n' tried instead on input line 33.

<figures/alignment.png, id=391, 1445.4pt x 815.29594pt>
File: figures/alignment.png Graphic file (type png)

<use figures/alignment.png>
Package pdftex.def Info: figures/alignment.png used on input line 39.
(pdftex.def)             Requested size: 341.4759pt x 192.61469pt.

Underfull \vbox (badness 1418) has occurred while \output is active []

 [7 <./figures/alignment.png (PNG copy)>] [8]
<figures/normal.png, id=413, 627.09282pt x 527.72156pt>
File: figures/normal.png Graphic file (type png)

<use figures/normal.png>
Package pdftex.def Info: figures/normal.png used on input line 98.
(pdftex.def)             Requested size: 182.11769pt x 153.2608pt.
 [9 <./figures/normal.png>]
<figures/linReg.png, id=430, 421.575pt x 316.18124pt>
File: figures/linReg.png Graphic file (type png)
 <use figures/linReg.png>
Package pdftex.def Info: figures/linReg.png used on input line 160.
(pdftex.def)             Requested size: 318.70944pt x 239.03621pt.


LaTeX Warning: `h' float specifier changed to `ht'.

[10] <figures/dtdiag.png, id=440, 1043.39813pt x 438.13687pt>
File: figures/dtdiag.png Graphic file (type png)

<use figures/dtdiag.png>
Package pdftex.def Info: figures/dtdiag.png used on input line 176.
(pdftex.def)             Requested size: 341.4759pt x 143.38892pt.


LaTeX Warning: `h' float specifier changed to `ht'.

[11 <./figures/linReg.png (PNG copy)>]
<figures/mlpdiag.png, id=449, 554.07pt x 670.00313pt>
File: figures/mlpdiag.png Graphic file (type png)

<use figures/mlpdiag.png>
Package pdftex.def Info: figures/mlpdiag.png used on input line 192.
(pdftex.def)             Requested size: 136.59175pt x 165.16943pt.


LaTeX Warning: `h' float specifier changed to `ht'.

[12 <./figures/dtdiag.png>]
<figures/mhgui.png, id=461, 771.63281pt x 573.64313pt>
File: figures/mhgui.png Graphic file (type png)
 <use figures/mhgui.png>
Package pdftex.def Info: figures/mhgui.png used on input line 204.
(pdftex.def)             Requested size: 455.30121pt x 338.47276pt.


LaTeX Warning: `h' float specifier changed to `ht'.

) [13 <./figures/mlpdiag.png>] [14 <./figures/mhgui.png>]
\openout2 = `ch04-results-conclusion.aux'.


(./ch04-results-conclusion.tex
chapter 4.
LaTeX Font Info:    Try loading font information for OMS+ptm on input line 8.
(/usr/local/texlive/2017/texmf-dist/tex/latex/psnfss/omsptm.fd
File: omsptm.fd 
)
LaTeX Font Info:    Font shape `OMS/ptm/m/n' in size <12> not available
(Font)              Font shape `OMS/cmsy/m/n' tried instead on input line 8.

Overfull \hbox (2.28004pt too wide) has occurred while \output is active
[]|[] []
 []


Overfull \vbox (459.06232pt too high) has occurred while \output is active []


[15




] <figures/pediag.png, id=484, 837.1275pt x 663.98062pt>
File: figures/pediag.png Graphic file (type png)

<use figures/pediag.png>
Package pdftex.def Info: figures/pediag.png used on input line 20.
(pdftex.def)             Requested size: 170.73795pt x 135.41783pt.

<figures/dediag.png, id=485, 819.8128pt x 666.23906pt>
File: figures/dediag.png Graphic file (type png)

<use figures/dediag.png>
Package pdftex.def Info: figures/dediag.png used on input line 24.
(pdftex.def)             Requested size: 170.73795pt x 138.7554pt.
 [16 <./figures/pediag.png> <./figures/dediag.png>]

LaTeX Warning: No positions in optional float specifier.
               Default added (so using `tbp') on input line 55.

<figures/evalPDN.png, id=502, 1445.4pt x 815.29594pt>
File: figures/evalPDN.png Graphic file (type png)

<use figures/evalPDN.png>
Package pdftex.def Info: figures/evalPDN.png used on input line 72.
(pdftex.def)             Requested size: 728.48471pt x 410.90636pt.
 [17] [18 <./figures/evalPDN.png (PNG copy)>] [19]

LaTeX Warning: No positions in optional float specifier.
               Default added (so using `tbp') on input line 92.


Underfull \hbox (badness 10000) in paragraph at lines 113--114

 []


Underfull \hbox (badness 10000) in paragraph at lines 115--116

 []

[20] [21] <figures/meshcut00.png, id=534, 1193.20781pt x 790.45313pt>
File: figures/meshcut00.png Graphic file (type png)

<use figures/meshcut00.png>
Package pdftex.def Info: figures/meshcut00.png used on input line 130.
(pdftex.def)             Requested size: 227.6506pt x 150.80278pt.
 [22 <./figures/meshcut00.png (PNG copy)>]
<figures/ceresMhErrorMapBefore.png, id=541, 1445.4pt x 815.29594pt>
File: figures/ceresMhErrorMapBefore.png Graphic file (type png)

<use figures/ceresMhErrorMapBefore.png>
Package pdftex.def Info: figures/ceresMhErrorMapBefore.png used on input line 1
44.
(pdftex.def)             Requested size: 250.41705pt x 141.24828pt.

Overfull \hbox (22.76645pt too wide) in paragraph at lines 144--145
 [][] 
 []

<figures/ceresRealErrorMapBefore.png, id=542, 1445.4pt x 815.29594pt>
File: figures/ceresRealErrorMapBefore.png Graphic file (type png)

<use figures/ceresRealErrorMapBefore.png>
Package pdftex.def Info: figures/ceresRealErrorMapBefore.png used on input line
 148.
(pdftex.def)             Requested size: 250.41705pt x 141.24828pt.

Overfull \hbox (22.76645pt too wide) in paragraph at lines 148--149
 [][] 
 []

<figures/sprite57.png, id=544, 241.65282pt x 240.14719pt>
File: figures/sprite57.png Graphic file (type png)

<use figures/sprite57.png>
Package pdftex.def Info: figures/sprite57.png used on input line 161.
(pdftex.def)             Requested size: 105.17545pt x 104.51813pt.

Overfull \hbox (5.00864pt too wide) in paragraph at lines 161--162
 [][] 
 []

<figures/fitted57_cropped.png, id=545, 903.375pt x 639.89063pt>
File: figures/fitted57_cropped.png Graphic file (type png)

<use figures/fitted57_cropped.png>
Package pdftex.def Info: figures/fitted57_cropped.png used on input line 165.
(pdftex.def)             Requested size: 173.01668pt x 122.5471pt.

<figures/before57_cropped.png, id=546, 903.375pt x 639.89063pt>
File: figures/before57_cropped.png Graphic file (type png)

<use figures/before57_cropped.png>
Package pdftex.def Info: figures/before57_cropped.png used on input line 169.
(pdftex.def)             Requested size: 173.01668pt x 122.5471pt.
 [23 <./figures/ceresMhErrorMapBefore.png (PNG copy)> <./figures/ceresRealError
MapBefore.png (PNG copy)> <./figures/sprite57.png> <./figures/fitted57_cropped.
png> <./figures/before57_cropped.png>]
[24


]
chapter 5.
)
Overfull \hbox (2.28004pt too wide) has occurred while \output is active
[]|[] []
 []


Overfull \vbox (459.06232pt too high) has occurred while \output is active []


[25] [26]
\openout2 = `apx-sample-appendix.aux'.

 (./apx-sample-appendix.tex
chapter A.

LaTeX Warning: No positions in optional float specifier.
               Default added (so using `tbp') on input line 5.


LaTeX Warning: No positions in optional float specifier.
               Default added (so using `tbp') on input line 34.


LaTeX Warning: Float too large for page by 129.33772pt on input line 73.


LaTeX Warning: No positions in optional float specifier.
               Default added (so using `tbp') on input line 76.


LaTeX Warning: No positions in optional float specifier.
               Default added (so using `tbp') on input line 96.

)
Overfull \hbox (2.28004pt too wide) has occurred while \output is active
[]|[] []
 []


Overfull \vbox (459.06232pt too high) has occurred while \output is active []


[27





] [28] [29] [30] [31] (./thesis.bbl [32




]
LaTeX Font Info:    Try loading font information for T1+pcr on input line 13.

(/usr/local/texlive/2017/texmf-dist/tex/latex/psnfss/t1pcr.fd
File: t1pcr.fd 2001/06/04 font definitions for T1/pcr.
)
Underfull \hbox (badness 1609) in paragraph at lines 11--14
[]\T1/ptm/m/n/12 Sameer Agar-wal, Keir Mierle, and Oth-ers.  Ceres solver.  [][
]$\T1/pcr/m/n/12 http : / /
 []

[33]) <Aufgabenstellung_Semesterarbeit.pdf, id=599, 597.432pt x 845.07718pt>
File: Aufgabenstellung_Semesterarbeit.pdf Graphic file (type pdf)

<use Aufgabenstellung_Semesterarbeit.pdf>
Package pdftex.def Info: Aufgabenstellung_Semesterarbeit.pdf used on input line
 213.
(pdftex.def)             Requested size: 597.43054pt x 845.07512pt.
File: Aufgabenstellung_Semesterarbeit.pdf Graphic file (type pdf)

<use Aufgabenstellung_Semesterarbeit.pdf>
Package pdftex.def Info: Aufgabenstellung_Semesterarbeit.pdf used on input line
 213.
(pdftex.def)             Requested size: 597.43054pt x 845.07512pt.

<Aufgabenstellung_Semesterarbeit.pdf, id=602, page=1, 597.432pt x 845.07718pt>
File: Aufgabenstellung_Semesterarbeit.pdf Graphic file (type pdf)

<use Aufgabenstellung_Semesterarbeit.pdf, page 1>
Package pdftex.def Info: Aufgabenstellung_Semesterarbeit.pdf, page1 used on inp
ut line 213.
(pdftex.def)             Requested size: 597.43054pt x 845.07512pt.
File: Aufgabenstellung_Semesterarbeit.pdf Graphic file (type pdf)

<use Aufgabenstellung_Semesterarbeit.pdf, page 1>
Package pdftex.def Info: Aufgabenstellung_Semesterarbeit.pdf, page1 used on inp
ut line 213.
(pdftex.def)             Requested size: 597.45789pt x 845.1138pt.
 [34]
File: Aufgabenstellung_Semesterarbeit.pdf Graphic file (type pdf)

<use Aufgabenstellung_Semesterarbeit.pdf, page 1>
Package pdftex.def Info: Aufgabenstellung_Semesterarbeit.pdf, page1 used on inp
ut line 213.
(pdftex.def)             Requested size: 597.45789pt x 845.1138pt.
File: Aufgabenstellung_Semesterarbeit.pdf Graphic file (type pdf)

<use Aufgabenstellung_Semesterarbeit.pdf, page 1>
Package pdftex.def Info: Aufgabenstellung_Semesterarbeit.pdf, page1 used on inp
ut line 213.
(pdftex.def)             Requested size: 597.45789pt x 845.1138pt.
File: Aufgabenstellung_Semesterarbeit.pdf Graphic file (type pdf)

<use Aufgabenstellung_Semesterarbeit.pdf, page 1>
Package pdftex.def Info: Aufgabenstellung_Semesterarbeit.pdf, page1 used on inp
ut line 213.
(pdftex.def)             Requested size: 597.45789pt x 845.1138pt.
 [35 <./Aufgabenstellung_Semesterarbeit.pdf>] <declaration.pdf, id=631, 597.432
pt x 844.83629pt>
File: declaration.pdf Graphic file (type pdf)

<use declaration.pdf>
Package pdftex.def Info: declaration.pdf used on input line 214.
(pdftex.def)             Requested size: 597.43054pt x 844.83423pt.
File: declaration.pdf Graphic file (type pdf)
 <use declaration.pdf>
Package pdftex.def Info: declaration.pdf used on input line 214.
(pdftex.def)             Requested size: 597.43054pt x 844.83423pt.

<declaration.pdf, id=634, page=1, 597.432pt x 844.83629pt>
File: declaration.pdf Graphic file (type pdf)

<use declaration.pdf, page 1>
Package pdftex.def Info: declaration.pdf, page1 used on input line 214.
(pdftex.def)             Requested size: 597.43054pt x 844.83423pt.
File: declaration.pdf Graphic file (type pdf)
 <use declaration.pdf, page 1>
Package pdftex.def Info: declaration.pdf, page1 used on input line 214.
(pdftex.def)             Requested size: 597.93192pt x 845.54323pt.
File: declaration.pdf Graphic file (type pdf)

<use declaration.pdf, page 1>
Package pdftex.def Info: declaration.pdf, page1 used on input line 214.
(pdftex.def)             Requested size: 597.93192pt x 845.54323pt.
File: declaration.pdf Graphic file (type pdf)
 <use declaration.pdf, page 1>
Package pdftex.def Info: declaration.pdf, page1 used on input line 214.
(pdftex.def)             Requested size: 597.93192pt x 845.54323pt.
File: declaration.pdf Graphic file (type pdf)

<use declaration.pdf, page 1>
Package pdftex.def Info: declaration.pdf, page1 used on input line 214.
(pdftex.def)             Requested size: 597.93192pt x 845.54323pt.
 [36 <./declaration.pdf>]
Package atveryend Info: Empty hook `BeforeClearDocument' on input line 216.
Package atveryend Info: Empty hook `AfterLastShipout' on input line 216.
 (./thesis.aux
(./abstract.aux) (./ch01-introduction.aux) (./ch02-related-work.aux)
(./ch03-methods.aux) (./ch04-results-conclusion.aux) (./apx-sample-appendix.aux
))
Package atveryend Info: Executing hook `AtVeryEndDocument' on input line 216.
Package atveryend Info: Executing hook `AtEndAfterFileList' on input line 216.
Package rerunfilecheck Info: File `thesis.out' has not changed.
(rerunfilecheck)             Checksum: 026C10174772E96424BEDE96E9CA4D04;2642.
Package atveryend Info: Empty hook `AtVeryVeryEnd' on input line 216.
 ) 
Here is how much of TeX's memory you used:
 11936 strings out of 492995
 188067 string characters out of 6132703
 392109 words of memory out of 5000000
 15070 multiletter control sequences out of 15000+600000
 73037 words of font info for 96 fonts, out of 8000000 for 9000
 1141 hyphenation exceptions out of 8191
 43i,28n,66p,8817b,495s stack positions out of 5000i,500n,10000p,200000b,80000s
{/usr/local/texlive/2017/texmf-dist/fonts/enc/dvips/base/8r.enc}</usr/local/t
exlive/2017/texmf-dist/fonts/type1/public/amsfonts/cm/cmbx10.pfb></usr/local/te
xlive/2017/texmf-dist/fonts/type1/public/amsfonts/cm/cmbx12.pfb></usr/local/tex
live/2017/texmf-dist/fonts/type1/public/amsfonts/cm/cmbx8.pfb></usr/local/texli
ve/2017/texmf-dist/fonts/type1/public/amsfonts/cm/cmex10.pfb></usr/local/texliv
e/2017/texmf-dist/fonts/type1/public/amsfonts/cm/cmmi12.pfb></usr/local/texlive
/2017/texmf-dist/fonts/type1/public/amsfonts/cm/cmmi6.pfb></usr/local/texlive/2
017/texmf-dist/fonts/type1/public/amsfonts/cm/cmmi8.pfb></usr/local/texlive/201
7/texmf-dist/fonts/type1/public/amsfonts/cm/cmr12.pfb></usr/local/texlive/2017/
texmf-dist/fonts/type1/public/amsfonts/cm/cmr8.pfb></usr/local/texlive/2017/tex
mf-dist/fonts/type1/public/amsfonts/cm/cmsy10.pfb></usr/local/texlive/2017/texm
f-dist/fonts/type1/public/amsfonts/cm/cmsy8.pfb></usr/local/texlive/2017/texmf-
dist/fonts/type1/public/amsfonts/symbols/msbm10.pfb></usr/local/texlive/2017/te
xmf-dist/fonts/type1/urw/courier/ucrr8a.pfb></usr/local/texlive/2017/texmf-dist
/fonts/type1/urw/helvetic/uhvb8a.pfb></usr/local/texlive/2017/texmf-dist/fonts/
type1/urw/helvetic/uhvr8a.pfb></usr/local/texlive/2017/texmf-dist/fonts/type1/u
rw/times/utmb8a.pfb></usr/local/texlive/2017/texmf-dist/fonts/type1/urw/times/u
tmb8a.pfb></usr/local/texlive/2017/texmf-dist/fonts/type1/urw/times/utmr8a.pfb>
</usr/local/texlive/2017/texmf-dist/fonts/type1/urw/times/utmr8a.pfb></usr/loca
l/texlive/2017/texmf-dist/fonts/type1/urw/times/utmri8a.pfb>
Output written on thesis.pdf (48 pages, 4698344 bytes).
PDF statistics:
 746 PDF objects out of 1000 (max. 8388607)
 616 compressed objects within 7 object streams
 144 named destinations out of 1000 (max. 500000)
 481 words of extra memory for PDF output out of 10000 (max. 10000000)

