\BOOKMARK [0][]{chapter*.3}{List of Figures}{}% 1
\BOOKMARK [0][]{chapter*.4}{List of Tables}{}% 2
\BOOKMARK [0][]{chapter.1}{1 Introduction}{}% 3
\BOOKMARK [1][]{section.1.1}{1.1 Parametric Model}{chapter.1}% 4
\BOOKMARK [1][]{section.1.2}{1.2 Mapping}{chapter.1}% 5
\BOOKMARK [1][]{section.1.3}{1.3 Applications}{chapter.1}% 6
\BOOKMARK [0][]{chapter.2}{2 Related Work}{}% 7
\BOOKMARK [0][]{chapter.3}{3 Methods}{}% 8
\BOOKMARK [1][]{section.3.1}{3.1 Data Acquisition and Preprocessing}{chapter.3}% 9
\BOOKMARK [2][]{subsection.3.1.1}{3.1.1 Alignment}{section.3.1}% 10
\BOOKMARK [1][]{section.3.2}{3.2 Parametric Model from Meshes}{chapter.3}% 11
\BOOKMARK [2][]{subsection.3.2.1}{3.2.1 Face Deformations}{section.3.2}% 12
\BOOKMARK [2][]{subsection.3.2.2}{3.2.2 Point Normals}{section.3.2}% 13
\BOOKMARK [1][]{section.3.3}{3.3 Mapping}{chapter.3}% 14
\BOOKMARK [2][]{subsection.3.3.1}{3.3.1 Linear Method}{section.3.3}% 15
\BOOKMARK [2][]{subsection.3.3.2}{3.3.2 Non-Linear Variants}{section.3.3}% 16
\BOOKMARK [1][]{section.3.4}{3.4 Parametric Model from Editor}{chapter.3}% 17
\BOOKMARK [1][]{section.3.5}{3.5 Evaluation}{chapter.3}% 18
\BOOKMARK [2][]{subsection.3.5.1}{3.5.1 Mapping Error}{section.3.5}% 19
\BOOKMARK [2][]{subsection.3.5.2}{3.5.2 Fit to Pointcloud}{section.3.5}% 20
\BOOKMARK [0][]{chapter.4}{4 Results}{}% 21
\BOOKMARK [1][]{section.4.1}{4.1 Error Metrics}{chapter.4}% 22
\BOOKMARK [2][]{subsection.4.1.1}{4.1.1 Distance Point}{section.4.1}% 23
\BOOKMARK [2][]{subsection.4.1.2}{4.1.2 Face orientations}{section.4.1}% 24
\BOOKMARK [1][]{section.4.2}{4.2 PCA point/normals/deform}{chapter.4}% 25
\BOOKMARK [1][]{section.4.3}{4.3 Learning mapping}{chapter.4}% 26
\BOOKMARK [1][]{section.4.4}{4.4 Data MH vs NRICP}{chapter.4}% 27
\BOOKMARK [1][]{section.4.5}{4.5 Data Real vs NRICP}{chapter.4}% 28
\BOOKMARK [0][]{chapter.5}{5 Conclusion and Outlook}{}% 29
\BOOKMARK [0][]{chapter.5}{Bibliography}{}% 30
